<?xml version="1.0" encoding="UTF-8"?>
<!-- Generated by org.testng.reporters.JUnitXMLReporter -->
<testsuite hostname="voliyarnyk1993" ignored="0" name="Chrome" tests="5" failures="0" timestamp="16 черв. 2017 06:21:59 GMT" time="1.925" errors="0">
  <testcase name="@BeforeClass beforeClass" time="1.863" classname="com.web.test.ChromeGoogleSearchTests">
    <failure type="java.lang.IllegalStateException" message="The path to the driver executable must be set by the webdriver.chrome.driver system property; for more information, see https://github.com/SeleniumHQ/selenium/wiki/ChromeDriver. The latest version can be downloaded from http://chromedriver.storage.googleapis.com/index.html">
      <![CDATA[java.lang.IllegalStateException: The path to the driver executable must be set by the webdriver.chrome.driver system property; for more information, see https://github.com/SeleniumHQ/selenium/wiki/ChromeDriver. The latest version can be downloaded from http://chromedriver.storage.googleapis.com/index.html
	at com.google.common.base.Preconditions.checkState(Preconditions.java:738)
	at org.openqa.selenium.remote.service.DriverService.findExecutable(DriverService.java:124)
	at org.openqa.selenium.chrome.ChromeDriverService.access$000(ChromeDriverService.java:32)
	at org.openqa.selenium.chrome.ChromeDriverService$Builder.findDefaultExecutable(ChromeDriverService.java:137)
	at org.openqa.selenium.remote.service.DriverService$Builder.build(DriverService.java:330)
	at org.openqa.selenium.chrome.ChromeDriverService.createDefaultService(ChromeDriverService.java:88)
	at org.openqa.selenium.chrome.ChromeDriver.<init>(ChromeDriver.java:124)
	at com.framework.browser.BrowserWebDriver.startChrome(BrowserWebDriver.java:27)
	at com.web.test.ChromeGoogleSearchTests.beforeClass(ChromeGoogleSearchTests.java:22)
	at java.util.concurrent.FutureTask.run(Unknown Source)
	at java.util.concurrent.ThreadPoolExecutor.runWorker(Unknown Source)
	at java.util.concurrent.ThreadPoolExecutor$Worker.run(Unknown Source)
	at java.lang.Thread.run(Unknown Source)
... Removed 16 stack frames]]>
    </failure>
  </testcase> <!-- @BeforeClass beforeClass -->
  <testcase name="@AfterClass afterClass" time="0.0" classname="com.web.test.ChromeGoogleSearchTests">
    <skipped/>
  </testcase> <!-- @AfterClass afterClass -->
  <testcase name="testTextFromFirstSearchResult" time="0.0" classname="com.web.test.ChromeGoogleSearchTests">
    <skipped/>
  </testcase> <!-- testTextFromFirstSearchResult -->
  <testcase name="test123" time="0.0" classname="com.web.test.ChromeGoogleSearchTests">
    <skipped/>
  </testcase> <!-- test123 -->
  <testcase name="test" time="0.0" classname="com.web.test.ChromeGoogleSearchTests">
    <skipped/>
  </testcase> <!-- test -->
  <testcase name="test" time="0.0" classname="com.web.test.ChromeGoogleSearchTests">
    <skipped/>
  </testcase> <!-- test -->
  <testcase name="test" time="0.0" classname="com.web.test.ChromeGoogleSearchTests">
    <skipped/>
  </testcase> <!-- test -->
</testsuite> <!-- Chrome -->
