<?xml version="1.0" encoding="UTF-8"?>
<!-- Generated by org.testng.reporters.JUnitXMLReporter -->
<testsuite hostname="voliyarnyk1993" ignored="0" name="GoogleSearchTests" tests="10" failures="8" timestamp="16 черв. 2017 12:38:20 GMT" time="15.931" errors="0">
  <testcase name="testTextFromFirstSearchResult" time="3.381" classname="com.web.test.ChromeGoogleSearchTests"/>
  <testcase name="testTextFromFirstSearchResult" time="1.812" classname="com.web.test.FirefoxGoogleSearchTests"/>
  <testcase name="test123" time="1.21" classname="com.web.test.ChromeGoogleSearchTests">
    <failure type="java.lang.AssertionError" message="failed! expected [qqq] but found [qqq 139.13 -0.62 -0.44% : powershares qqq trust, series 1 - yahoo ...]">
      <![CDATA[java.lang.AssertionError: failed! expected [qqq] but found [qqq 139.13 -0.62 -0.44% : powershares qqq trust, series 1 - yahoo ...]
	at com.web.test.ChromeGoogleSearchTests.test123(ChromeGoogleSearchTests.java:37)
... Removed 30 stack frames]]>
    </failure>
  </testcase> <!-- test123 -->
  <testcase name="test123" time="0.321" classname="com.web.test.FirefoxGoogleSearchTests">
    <failure type="java.lang.AssertionError" message="failed! expected [qqq] but found [qqq 139.13 -0.62 -0.44% : powershares qqq trust, series 1 - yahoo ...]">
      <![CDATA[java.lang.AssertionError: failed! expected [qqq] but found [qqq 139.13 -0.62 -0.44% : powershares qqq trust, series 1 - yahoo ...]
	at com.web.test.FirefoxGoogleSearchTests.test123(FirefoxGoogleSearchTests.java:37)
... Removed 30 stack frames]]>
    </failure>
  </testcase> <!-- test123 -->
  <testcase name="test" time="0.4" classname="com.web.test.ChromeGoogleSearchTests">
    <failure type="java.lang.AssertionError" message="failed! expected [qaz] but found [qqq 139.13 -0.62 -0.44% : powershares qqq trust, series 1 - yahoo ...]">
      <![CDATA[java.lang.AssertionError: failed! expected [qaz] but found [qqq 139.13 -0.62 -0.44% : powershares qqq trust, series 1 - yahoo ...]
	at com.web.test.ChromeGoogleSearchTests.test(ChromeGoogleSearchTests.java:43)
... Removed 30 stack frames]]>
    </failure>
  </testcase> <!-- test -->
  <testcase name="test" time="1.23" classname="com.web.test.ChromeGoogleSearchTests">
    <failure type="java.lang.AssertionError" message="failed! expected [wsx] but found [wsx d.i.f.h entrance music the envy - youtube]">
      <![CDATA[java.lang.AssertionError: failed! expected [wsx] but found [wsx d.i.f.h entrance music the envy - youtube]
	at com.web.test.ChromeGoogleSearchTests.test(ChromeGoogleSearchTests.java:43)
... Removed 30 stack frames]]>
    </failure>
  </testcase> <!-- test -->
  <testcase name="test" time="1.202" classname="com.web.test.ChromeGoogleSearchTests">
    <failure type="java.lang.AssertionError" message="failed! expected [edc] but found [edc — википедия]">
      <![CDATA[java.lang.AssertionError: failed! expected [edc] but found [edc — википедия]
	at com.web.test.ChromeGoogleSearchTests.test(ChromeGoogleSearchTests.java:43)
... Removed 30 stack frames]]>
    </failure>
  </testcase> <!-- test -->
  <testcase name="test" time="0.002" classname="com.web.test.FirefoxGoogleSearchTests">
    <failure type="org.openqa.selenium.NoSuchSessionException" message="Session ID is null. Using WebDriver after calling quit()?
Build info: version: &amp;apos;3.4.0&amp;apos;, revision: &amp;apos;unknown&amp;apos;, time: &amp;apos;unknown&amp;apos;
System info: host: &amp;apos;VOLIYARNYK1993&amp;apos;, ip: &amp;apos;192.168.1.2&amp;apos;, os.name: &amp;apos;Windows 10&amp;apos;, os.arch: &amp;apos;amd64&amp;apos;, os.version: &amp;apos;10.0&amp;apos;, java.version: &amp;apos;1.8.0_131&amp;apos;
Driver info: driver.version: RemoteWebDriver">
      <![CDATA[org.openqa.selenium.NoSuchSessionException: Session ID is null. Using WebDriver after calling quit()?
Build info: version: '3.4.0', revision: 'unknown', time: 'unknown'
System info: host: 'VOLIYARNYK1993', ip: '192.168.1.2', os.name: 'Windows 10', os.arch: 'amd64', os.version: '10.0', java.version: '1.8.0_131'
Driver info: driver.version: RemoteWebDriver
	at org.openqa.selenium.remote.HttpCommandExecutor.execute(HttpCommandExecutor.java:131)
	at org.openqa.selenium.remote.service.DriverCommandExecutor.execute(DriverCommandExecutor.java:82)
	at org.openqa.selenium.remote.RemoteWebDriver.execute(RemoteWebDriver.java:637)
	at org.openqa.selenium.remote.RemoteWebDriver.findElement(RemoteWebDriver.java:410)
	at org.openqa.selenium.remote.RemoteWebDriver.findElementByXPath(RemoteWebDriver.java:509)
	at org.openqa.selenium.By$ByXPath.findElement(By.java:361)
	at org.openqa.selenium.remote.RemoteWebDriver.findElement(RemoteWebDriver.java:402)
	at org.openqa.selenium.support.pagefactory.DefaultElementLocator.findElement(DefaultElementLocator.java:69)
	at org.openqa.selenium.support.pagefactory.internal.LocatingElementHandler.invoke(LocatingElementHandler.java:38)
	at com.sun.proxy.$Proxy7.clear(Unknown Source)
	at com.google.pages.GoogleResultPage.searchSomeText(GoogleResultPage.java:16)
	at com.web.test.FirefoxGoogleSearchTests.test(FirefoxGoogleSearchTests.java:42)
... Removed 25 stack frames]]>
    </failure>
  </testcase> <!-- test -->
  <testcase name="test" time="0.0" classname="com.web.test.FirefoxGoogleSearchTests">
    <failure type="org.openqa.selenium.NoSuchSessionException" message="Session ID is null. Using WebDriver after calling quit()?
Build info: version: &amp;apos;3.4.0&amp;apos;, revision: &amp;apos;unknown&amp;apos;, time: &amp;apos;unknown&amp;apos;
System info: host: &amp;apos;VOLIYARNYK1993&amp;apos;, ip: &amp;apos;192.168.1.2&amp;apos;, os.name: &amp;apos;Windows 10&amp;apos;, os.arch: &amp;apos;amd64&amp;apos;, os.version: &amp;apos;10.0&amp;apos;, java.version: &amp;apos;1.8.0_131&amp;apos;
Driver info: driver.version: RemoteWebDriver">
      <![CDATA[org.openqa.selenium.NoSuchSessionException: Session ID is null. Using WebDriver after calling quit()?
Build info: version: '3.4.0', revision: 'unknown', time: 'unknown'
System info: host: 'VOLIYARNYK1993', ip: '192.168.1.2', os.name: 'Windows 10', os.arch: 'amd64', os.version: '10.0', java.version: '1.8.0_131'
Driver info: driver.version: RemoteWebDriver
	at org.openqa.selenium.remote.HttpCommandExecutor.execute(HttpCommandExecutor.java:131)
	at org.openqa.selenium.remote.service.DriverCommandExecutor.execute(DriverCommandExecutor.java:82)
	at org.openqa.selenium.remote.RemoteWebDriver.execute(RemoteWebDriver.java:637)
	at org.openqa.selenium.remote.RemoteWebDriver.findElement(RemoteWebDriver.java:410)
	at org.openqa.selenium.remote.RemoteWebDriver.findElementByXPath(RemoteWebDriver.java:509)
	at org.openqa.selenium.By$ByXPath.findElement(By.java:361)
	at org.openqa.selenium.remote.RemoteWebDriver.findElement(RemoteWebDriver.java:402)
	at org.openqa.selenium.support.pagefactory.DefaultElementLocator.findElement(DefaultElementLocator.java:69)
	at org.openqa.selenium.support.pagefactory.internal.LocatingElementHandler.invoke(LocatingElementHandler.java:38)
	at com.sun.proxy.$Proxy7.clear(Unknown Source)
	at com.google.pages.GoogleResultPage.searchSomeText(GoogleResultPage.java:16)
	at com.web.test.FirefoxGoogleSearchTests.test(FirefoxGoogleSearchTests.java:42)
... Removed 25 stack frames]]>
    </failure>
  </testcase> <!-- test -->
  <testcase name="test" time="0.0" classname="com.web.test.FirefoxGoogleSearchTests">
    <failure type="org.openqa.selenium.NoSuchSessionException" message="Session ID is null. Using WebDriver after calling quit()?
Build info: version: &amp;apos;3.4.0&amp;apos;, revision: &amp;apos;unknown&amp;apos;, time: &amp;apos;unknown&amp;apos;
System info: host: &amp;apos;VOLIYARNYK1993&amp;apos;, ip: &amp;apos;192.168.1.2&amp;apos;, os.name: &amp;apos;Windows 10&amp;apos;, os.arch: &amp;apos;amd64&amp;apos;, os.version: &amp;apos;10.0&amp;apos;, java.version: &amp;apos;1.8.0_131&amp;apos;
Driver info: driver.version: RemoteWebDriver">
      <![CDATA[org.openqa.selenium.NoSuchSessionException: Session ID is null. Using WebDriver after calling quit()?
Build info: version: '3.4.0', revision: 'unknown', time: 'unknown'
System info: host: 'VOLIYARNYK1993', ip: '192.168.1.2', os.name: 'Windows 10', os.arch: 'amd64', os.version: '10.0', java.version: '1.8.0_131'
Driver info: driver.version: RemoteWebDriver
	at org.openqa.selenium.remote.HttpCommandExecutor.execute(HttpCommandExecutor.java:131)
	at org.openqa.selenium.remote.service.DriverCommandExecutor.execute(DriverCommandExecutor.java:82)
	at org.openqa.selenium.remote.RemoteWebDriver.execute(RemoteWebDriver.java:637)
	at org.openqa.selenium.remote.RemoteWebDriver.findElement(RemoteWebDriver.java:410)
	at org.openqa.selenium.remote.RemoteWebDriver.findElementByXPath(RemoteWebDriver.java:509)
	at org.openqa.selenium.By$ByXPath.findElement(By.java:361)
	at org.openqa.selenium.remote.RemoteWebDriver.findElement(RemoteWebDriver.java:402)
	at org.openqa.selenium.support.pagefactory.DefaultElementLocator.findElement(DefaultElementLocator.java:69)
	at org.openqa.selenium.support.pagefactory.internal.LocatingElementHandler.invoke(LocatingElementHandler.java:38)
	at com.sun.proxy.$Proxy7.clear(Unknown Source)
	at com.google.pages.GoogleResultPage.searchSomeText(GoogleResultPage.java:16)
	at com.web.test.FirefoxGoogleSearchTests.test(FirefoxGoogleSearchTests.java:42)
... Removed 25 stack frames]]>
    </failure>
  </testcase> <!-- test -->
</testsuite> <!-- GoogleSearchTests -->
