<!DOCTYPE html PUBLIC "-//W3C//DTD XHTML 1.1//EN" "http://www.w3.org/TR/xhtml11/DTD/xhtml11.dtd">
<html xmlns="http://www.w3.org/1999/xhtml"><head><title>TestNG Report</title><style type="text/css">table {margin-bottom:10px;border-collapse:collapse;empty-cells:show}th,td {border:1px solid #009;padding:.25em .5em}th {vertical-align:bottom}td {vertical-align:top}table a {font-weight:bold}.stripe td {background-color: #E6EBF9}.num {text-align:right}.passedodd td {background-color: #3F3}.passedeven td {background-color: #0A0}.skippedodd td {background-color: #DDD}.skippedeven td {background-color: #CCC}.failedodd td,.attn {background-color: #F33}.failedeven td,.stripe .attn {background-color: #D00}.stacktrace {white-space:pre;font-family:monospace}.totop {font-size:85%;text-align:center;border-bottom:2px solid #000}</style></head><body><table><tr><th>Test</th><th># Passed</th><th># Skipped</th><th># Failed</th><th>Time (ms)</th><th>Included Groups</th><th>Excluded Groups</th></tr><tr><th colspan="7">GoogleSearchTests</th></tr><tr><td><a href="#t0">ChromeGoogleSearchTests</a></td><td class="num">1</td><td class="num">0</td><td class="num attn">4</td><td class="num">19 696</td><td></td><td></td></tr><tr class="stripe"><td><a href="#t1">FirefoxGoogleSearchTests</a></td><td class="num">1</td><td class="num">0</td><td class="num attn">4</td><td class="num">19 115</td><td></td><td></td></tr><tr><th>Total</th><th class="num">2</th><th class="num">0</th><th class="num attn">8</th><th class="num">38 811</th><th colspan="2"></th></tr></table><table id='summary'><thead><tr><th>Class</th><th>Method</th><th>Start</th><th>Time (ms)</th></tr></thead><tbody><tr><th colspan="4">GoogleSearchTests</th></tr></tbody><tbody id="t0"><tr><th colspan="4">ChromeGoogleSearchTests &#8212; failed</th></tr><tr class="failedeven"><td rowspan="4">com.web.test.ChromeGoogleSearchTests</td><td><a href="#m0">test</a></td><td rowspan="3">1497636932687</td><td rowspan="3">1234</td></tr><tr class="failedeven"><td><a href="#m1">test</a></td></tr><tr class="failedeven"><td><a href="#m2">test</a></td></tr><tr class="failedeven"><td><a href="#m3">test123</a></td><td rowspan="1">1497636929659</td><td rowspan="1">1732</td></tr><tr><th colspan="4">ChromeGoogleSearchTests &#8212; passed</th></tr><tr class="passedeven"><td rowspan="1">com.web.test.ChromeGoogleSearchTests</td><td><a href="#m4">testTextFromFirstSearchResult</a></td><td rowspan="1">1497636923968</td><td rowspan="1">5689</td></tr></tbody><tbody id="t1"><tr><th colspan="4">FirefoxGoogleSearchTests &#8212; failed</th></tr><tr class="failedeven"><td rowspan="4">com.web.test.FirefoxGoogleSearchTests</td><td><a href="#m5">test</a></td><td rowspan="3">1497636953254</td><td rowspan="3">1341</td></tr><tr class="failedeven"><td><a href="#m6">test</a></td></tr><tr class="failedeven"><td><a href="#m7">test</a></td></tr><tr class="failedeven"><td><a href="#m8">test123</a></td><td rowspan="1">1497636948341</td><td rowspan="1">1376</td></tr><tr><th colspan="4">FirefoxGoogleSearchTests &#8212; passed</th></tr><tr class="passedeven"><td rowspan="1">com.web.test.FirefoxGoogleSearchTests</td><td><a href="#m9">testTextFromFirstSearchResult</a></td><td rowspan="1">1497636942621</td><td rowspan="1">5719</td></tr></tbody></table><h2>ChromeGoogleSearchTests</h2><h3 id="m0">com.web.test.ChromeGoogleSearchTests#test</h3><table class="result"><tr class="param"><th>Parameter #1</th><th>Parameter #2</th></tr><tr class="param stripe"><td>wsx</td><td>wsx</td></tr><tr><th colspan="2">Exception</th></tr><tr><td colspan="2"><div class="stacktrace">java.lang.AssertionError: failed! expected [wsx] but found [wsx d.i.f.h entrance music the envy - youtube]
	at com.web.test.ChromeGoogleSearchTests.test(ChromeGoogleSearchTests.java:41)
... Removed 30 stack frames</div></td></tr></table><p class="totop"><a href="#summary">back to summary</a></p><h3 id="m1">com.web.test.ChromeGoogleSearchTests#test</h3><table class="result"><tr class="param"><th>Parameter #1</th><th>Parameter #2</th></tr><tr class="param stripe"><td>edc</td><td>edc</td></tr><tr><th colspan="2">Exception</th></tr><tr><td colspan="2"><div class="stacktrace">java.lang.AssertionError: failed! expected [edc] but found [everyday carry - what are your edc essentials?]
	at com.web.test.ChromeGoogleSearchTests.test(ChromeGoogleSearchTests.java:41)
... Removed 30 stack frames</div></td></tr></table><p class="totop"><a href="#summary">back to summary</a></p><h3 id="m2">com.web.test.ChromeGoogleSearchTests#test</h3><table class="result"><tr class="param"><th>Parameter #1</th><th>Parameter #2</th></tr><tr class="param stripe"><td>qaz</td><td>qaz</td></tr><tr><th colspan="2">Exception</th></tr><tr><td colspan="2"><div class="stacktrace">java.lang.AssertionError: failed! expected [qaz] but found [qaz - youtube]
	at com.web.test.ChromeGoogleSearchTests.test(ChromeGoogleSearchTests.java:41)
... Removed 30 stack frames</div></td></tr></table><p class="totop"><a href="#summary">back to summary</a></p><h3 id="m3">com.web.test.ChromeGoogleSearchTests#test123</h3><table class="result"><tr><th>Exception</th></tr><tr><td><div class="stacktrace">java.lang.AssertionError: failed! expected [qqq] but found [qqq 139.13 -0.62 -0.44% : powershares qqq trust, ser 1 - yahoo ...]
	at com.web.test.ChromeGoogleSearchTests.test123(ChromeGoogleSearchTests.java:35)
... Removed 30 stack frames</div></td></tr></table><p class="totop"><a href="#summary">back to summary</a></p><h3 id="m4">com.web.test.ChromeGoogleSearchTests#testTextFromFirstSearchResult</h3><table class="result"></table><p class="totop"><a href="#summary">back to summary</a></p><h2>FirefoxGoogleSearchTests</h2><h3 id="m5">com.web.test.FirefoxGoogleSearchTests#test</h3><table class="result"><tr class="param"><th>Parameter #1</th><th>Parameter #2</th></tr><tr class="param stripe"><td>edc</td><td>edc</td></tr><tr><th colspan="2">Exception</th></tr><tr><td colspan="2"><div class="stacktrace">java.lang.AssertionError: failed! expected [edc] but found [everyday carry - what are your edc essentials?]
	at com.web.test.FirefoxGoogleSearchTests.test(FirefoxGoogleSearchTests.java:41)
... Removed 30 stack frames</div></td></tr></table><p class="totop"><a href="#summary">back to summary</a></p><h3 id="m6">com.web.test.FirefoxGoogleSearchTests#test</h3><table class="result"><tr class="param"><th>Parameter #1</th><th>Parameter #2</th></tr><tr class="param stripe"><td>qaz</td><td>qaz</td></tr><tr><th colspan="2">Exception</th></tr><tr><td colspan="2"><div class="stacktrace">java.lang.AssertionError: failed! expected [qaz] but found [qaz - youtube]
	at com.web.test.FirefoxGoogleSearchTests.test(FirefoxGoogleSearchTests.java:41)
... Removed 30 stack frames</div></td></tr></table><p class="totop"><a href="#summary">back to summary</a></p><h3 id="m7">com.web.test.FirefoxGoogleSearchTests#test</h3><table class="result"><tr class="param"><th>Parameter #1</th><th>Parameter #2</th></tr><tr class="param stripe"><td>wsx</td><td>wsx</td></tr><tr><th colspan="2">Exception</th></tr><tr><td colspan="2"><div class="stacktrace">java.lang.AssertionError: failed! expected [wsx] but found [wsx d.i.f.h entrance music the envy - youtube]
	at com.web.test.FirefoxGoogleSearchTests.test(FirefoxGoogleSearchTests.java:41)
... Removed 30 stack frames</div></td></tr></table><p class="totop"><a href="#summary">back to summary</a></p><h3 id="m8">com.web.test.FirefoxGoogleSearchTests#test123</h3><table class="result"><tr><th>Exception</th></tr><tr><td><div class="stacktrace">java.lang.AssertionError: failed! expected [qqq] but found [qqq 139.13 -0.62 -0.44% : powershares qqq trust, ser 1 - yahoo ...]
	at com.web.test.FirefoxGoogleSearchTests.test123(FirefoxGoogleSearchTests.java:35)
... Removed 30 stack frames</div></td></tr></table><p class="totop"><a href="#summary">back to summary</a></p><h3 id="m9">com.web.test.FirefoxGoogleSearchTests#testTextFromFirstSearchResult</h3><table class="result"></table><p class="totop"><a href="#summary">back to summary</a></p></body></html>